<?xml version="1.0" encoding="UTF-8"?>
<testng-results ignored="0" total="6" passed="5" failed="1" skipped="0">
  <reporter-output>
  </reporter-output>
  <suite started-at="2024-03-31T13:47:19 IST" name="Suite" finished-at="2024-03-31T13:48:19 IST" duration-ms="59802">
    <groups>
    </groups>
    <test started-at="2024-03-31T13:47:19 IST" name="Test" finished-at="2024-03-31T13:48:19 IST" duration-ms="59802">
      <class name="testLayer.LoginTest">
        <test-method is-config="true" signature="setUp()[pri:0, instance:testLayer.LoginTest@67d48005]" started-at="2024-03-31T13:47:45 IST" name="setUp" finished-at="2024-03-31T13:47:49 IST" duration-ms="4087" status="PASS">
          <reporter-output>
          </reporter-output>
        </test-method> <!-- setUp -->
        <test-method signature="verifyLoginTestWithInValidDetails()[pri:0, instance:testLayer.LoginTest@67d48005]" started-at="2024-03-31T13:47:49 IST" name="verifyLoginTestWithInValidDetails" finished-at="2024-03-31T13:47:52 IST" duration-ms="2178" status="PASS">
          <reporter-output>
          </reporter-output>
        </test-method> <!-- verifyLoginTestWithInValidDetails -->
        <test-method is-config="true" signature="tearDown()[pri:0, instance:testLayer.LoginTest@67d48005]" started-at="2024-03-31T13:47:52 IST" name="tearDown" finished-at="2024-03-31T13:47:52 IST" duration-ms="482" status="PASS">
          <reporter-output>
          </reporter-output>
        </test-method> <!-- tearDown -->
        <test-method is-config="true" signature="setUp()[pri:0, instance:testLayer.LoginTest@67d48005]" started-at="2024-03-31T13:47:52 IST" name="setUp" finished-at="2024-03-31T13:47:56 IST" duration-ms="4065" status="PASS">
          <reporter-output>
          </reporter-output>
        </test-method> <!-- setUp -->
        <test-method signature="verifyLoginTestWithValidDetails()[pri:0, instance:testLayer.LoginTest@67d48005]" started-at="2024-03-31T13:47:56 IST" name="verifyLoginTestWithValidDetails" finished-at="2024-03-31T13:47:58 IST" duration-ms="1435" status="FAIL">
          <exception class="java.lang.AssertionError">
            <message>
              <![CDATA[expected [My Account] but found [Account Login]]]>
            </message>
            <full-stacktrace>
              <![CDATA[java.lang.AssertionError: expected [My Account] but found [Account Login]
at org.testng.Assert.fail(Assert.java:99)
at org.testng.Assert.failNotEquals(Assert.java:1037)
at org.testng.Assert.assertEqualsImpl(Assert.java:140)
at org.testng.Assert.assertEquals(Assert.java:122)
at org.testng.Assert.assertEquals(Assert.java:629)
at org.testng.Assert.assertEquals(Assert.java:639)
at testLayer.LoginTest.verifyLoginTestWithValidDetails(LoginTest.java:25)
at java.base/jdk.internal.reflect.NativeMethodAccessorImpl.invoke0(Native Method)
at java.base/jdk.internal.reflect.NativeMethodAccessorImpl.invoke(NativeMethodAccessorImpl.java:77)
at java.base/jdk.internal.reflect.DelegatingMethodAccessorImpl.invoke(DelegatingMethodAccessorImpl.java:43)
at java.base/java.lang.reflect.Method.invoke(Method.java:568)
at org.testng.internal.MethodInvocationHelper.invokeMethod(MethodInvocationHelper.java:133)
at org.testng.internal.TestInvoker.invokeMethod(TestInvoker.java:598)
at org.testng.internal.TestInvoker.invokeTestMethod(TestInvoker.java:173)
at org.testng.internal.MethodRunner.runInSequence(MethodRunner.java:46)
at org.testng.internal.TestInvoker$MethodInvocationAgent.invoke(TestInvoker.java:824)
at org.testng.internal.TestInvoker.invokeTestMethods(TestInvoker.java:146)
at org.testng.internal.TestMethodWorker.invokeTestMethods(TestMethodWorker.java:146)
at org.testng.internal.TestMethodWorker.run(TestMethodWorker.java:128)
at java.base/java.util.ArrayList.forEach(ArrayList.java:1511)
at org.testng.TestRunner.privateRun(TestRunner.java:794)
at org.testng.TestRunner.run(TestRunner.java:596)
at org.testng.SuiteRunner.runTest(SuiteRunner.java:377)
at org.testng.SuiteRunner.runSequentially(SuiteRunner.java:371)
at org.testng.SuiteRunner.privateRun(SuiteRunner.java:332)
at org.testng.SuiteRunner.run(SuiteRunner.java:276)
at org.testng.SuiteRunnerWorker.runSuite(SuiteRunnerWorker.java:53)
at org.testng.SuiteRunnerWorker.run(SuiteRunnerWorker.java:96)
at org.testng.TestNG.runSuitesSequentially(TestNG.java:1212)
at org.testng.TestNG.runSuitesLocally(TestNG.java:1134)
at org.testng.TestNG.runSuites(TestNG.java:1063)
at org.testng.TestNG.run(TestNG.java:1031)
at org.testng.remote.AbstractRemoteTestNG.run(AbstractRemoteTestNG.java:115)
at org.testng.remote.RemoteTestNG.initAndRun(RemoteTestNG.java:251)
at org.testng.remote.RemoteTestNG.main(RemoteTestNG.java:77)
]]>
            </full-stacktrace>
          </exception> <!-- java.lang.AssertionError -->
          <reporter-output>
          </reporter-output>
        </test-method> <!-- verifyLoginTestWithValidDetails -->
        <test-method is-config="true" signature="tearDown()[pri:0, instance:testLayer.LoginTest@67d48005]" started-at="2024-03-31T13:47:58 IST" name="tearDown" finished-at="2024-03-31T13:47:58 IST" duration-ms="649" status="PASS">
          <reporter-output>
          </reporter-output>
        </test-method> <!-- tearDown -->
      </class> <!-- testLayer.LoginTest -->
      <class name="testLayer.BuyMac">
        <test-method is-config="true" signature="setUp()[pri:0, instance:testLayer.BuyMac@9f116cc]" started-at="2024-03-31T13:47:58 IST" name="setUp" finished-at="2024-03-31T13:48:04 IST" duration-ms="5332" status="PASS">
          <reporter-output>
          </reporter-output>
        </test-method> <!-- setUp -->
        <test-method signature="MacbookPurchasewithExistingUser()[pri:0, instance:testLayer.BuyMac@9f116cc]" started-at="2024-03-31T13:48:04 IST" name="MacbookPurchasewithExistingUser" finished-at="2024-03-31T13:48:08 IST" duration-ms="4042" status="PASS">
          <reporter-output>
          </reporter-output>
        </test-method> <!-- MacbookPurchasewithExistingUser -->
        <test-method is-config="true" signature="tearDown()[pri:0, instance:testLayer.BuyMac@9f116cc]" started-at="2024-03-31T13:48:08 IST" name="tearDown" finished-at="2024-03-31T13:48:08 IST" duration-ms="373" status="PASS">
          <reporter-output>
          </reporter-output>
        </test-method> <!-- tearDown -->
        <test-method is-config="true" signature="setUp()[pri:0, instance:testLayer.BuyMac@9f116cc]" started-at="2024-03-31T13:48:08 IST" name="setUp" finished-at="2024-03-31T13:48:12 IST" duration-ms="4214" status="PASS">
          <reporter-output>
          </reporter-output>
        </test-method> <!-- setUp -->
        <test-method signature="MacbookPurchasewithNewUser()[pri:0, instance:testLayer.BuyMac@9f116cc]" started-at="2024-03-31T13:48:12 IST" name="MacbookPurchasewithNewUser" finished-at="2024-03-31T13:48:18 IST" duration-ms="6000" status="PASS">
          <reporter-output>
          </reporter-output>
        </test-method> <!-- MacbookPurchasewithNewUser -->
        <test-method is-config="true" signature="tearDown()[pri:0, instance:testLayer.BuyMac@9f116cc]" started-at="2024-03-31T13:48:18 IST" name="tearDown" finished-at="2024-03-31T13:48:19 IST" duration-ms="580" status="PASS">
          <reporter-output>
          </reporter-output>
        </test-method> <!-- tearDown -->
      </class> <!-- testLayer.BuyMac -->
      <class name="testLayer.RegisterTest">
        <test-method is-config="true" signature="setUp()[pri:0, instance:testLayer.RegisterTest@1afd44cb]" started-at="2024-03-31T13:47:19 IST" name="setUp" finished-at="2024-03-31T13:47:34 IST" duration-ms="14983" status="PASS">
          <reporter-output>
          </reporter-output>
        </test-method> <!-- setUp -->
        <test-method signature="validateRegisteringAccountByProvidingExistingAccountdetails()[pri:0, instance:testLayer.RegisterTest@1afd44cb]" started-at="2024-03-31T13:47:34 IST" name="validateRegisteringAccountByProvidingExistingAccountdetails" finished-at="2024-03-31T13:47:37 IST" duration-ms="2771" status="PASS">
          <reporter-output>
          </reporter-output>
        </test-method> <!-- validateRegisteringAccountByProvidingExistingAccountdetails -->
        <test-method is-config="true" signature="tearDown()[pri:0, instance:testLayer.RegisterTest@1afd44cb]" started-at="2024-03-31T13:47:37 IST" name="tearDown" finished-at="2024-03-31T13:47:38 IST" duration-ms="482" status="PASS">
          <reporter-output>
          </reporter-output>
        </test-method> <!-- tearDown -->
        <test-method is-config="true" signature="setUp()[pri:0, instance:testLayer.RegisterTest@1afd44cb]" started-at="2024-03-31T13:47:38 IST" name="setUp" finished-at="2024-03-31T13:47:42 IST" duration-ms="4307" status="PASS">
          <reporter-output>
          </reporter-output>
        </test-method> <!-- setUp -->
        <test-method signature="validateRegisteringAccountByProvidingValidAccountdetails()[pri:0, instance:testLayer.RegisterTest@1afd44cb]" started-at="2024-03-31T13:47:42 IST" name="validateRegisteringAccountByProvidingValidAccountdetails" finished-at="2024-03-31T13:47:45 IST" duration-ms="2831" status="PASS">
          <reporter-output>
          </reporter-output>
        </test-method> <!-- validateRegisteringAccountByProvidingValidAccountdetails -->
        <test-method is-config="true" signature="tearDown()[pri:0, instance:testLayer.RegisterTest@1afd44cb]" started-at="2024-03-31T13:47:45 IST" name="tearDown" finished-at="2024-03-31T13:47:45 IST" duration-ms="553" status="PASS">
          <reporter-output>
          </reporter-output>
        </test-method> <!-- tearDown -->
      </class> <!-- testLayer.RegisterTest -->
    </test> <!-- Test -->
  </suite> <!-- Suite -->
</testng-results>
